<?xml version="1.0" encoding="UTF-8"?>
<testng-results skipped="0" failed="0" total="2" passed="2">
  <reporter-output>
  </reporter-output>
  <suite name="Command line suite" duration-ms="5718" started-at="2019-11-11T06:13:35Z" finished-at="2019-11-11T06:13:41Z">
    <groups>
    </groups>
    <test name="Command line test" duration-ms="5718" started-at="2019-11-11T06:13:35Z" finished-at="2019-11-11T06:13:41Z">
      <class name="com.amazon.test.PositiveSignupTest">
        <test-method status="PASS" signature="beforeClass()[pri:0, instance:com.amazon.test.PositiveSignupTest@3b81a1bc]" name="beforeClass" is-config="true" duration-ms="11" started-at="2019-11-11T01:13:35Z" finished-at="2019-11-11T01:13:35Z">
          <reporter-output>
          </reporter-output>
        </test-method> <!-- beforeClass -->
        <test-method status="PASS" signature="f()[pri:0, instance:com.amazon.test.PositiveSignupTest@3b81a1bc]" name="f" duration-ms="0" started-at="2019-11-11T01:13:35Z" finished-at="2019-11-11T01:13:35Z">
          <reporter-output>
          </reporter-output>
        </test-method> <!-- f -->
        <test-method status="PASS" signature="afterClass()[pri:0, instance:com.amazon.test.PositiveSignupTest@3b81a1bc]" name="afterClass" is-config="true" duration-ms="0" started-at="2019-11-11T01:13:35Z" finished-at="2019-11-11T01:13:35Z">
          <reporter-output>
          </reporter-output>
        </test-method> <!-- afterClass -->
      </class> <!-- com.amazon.test.PositiveSignupTest -->
      <class name="com.amazon.test.SignupTest">
        <test-method status="PASS" signature="beforeClass()[pri:0, instance:com.amazon.test.SignupTest@64616ca2]" name="beforeClass" is-config="true" duration-ms="1702" started-at="2019-11-11T01:13:35Z" finished-at="2019-11-11T01:13:37Z">
          <reporter-output>
          </reporter-output>
        </test-method> <!-- beforeClass -->
        <test-method status="PASS" signature="signup()[pri:0, instance:com.amazon.test.SignupTest@64616ca2]" name="signup" duration-ms="2636" started-at="2019-11-11T01:13:37Z" finished-at="2019-11-11T01:13:40Z">
          <reporter-output>
          </reporter-output>
        </test-method> <!-- signup -->
        <test-method status="PASS" signature="afterClass()[pri:0, instance:com.amazon.test.SignupTest@64616ca2]" name="afterClass" is-config="true" duration-ms="1361" started-at="2019-11-11T01:13:40Z" finished-at="2019-11-11T01:13:41Z">
          <reporter-output>
          </reporter-output>
        </test-method> <!-- afterClass -->
      </class> <!-- com.amazon.test.SignupTest -->
    </test> <!-- Command line test -->
  </suite> <!-- Command line suite -->
</testng-results>
