<?xml version="1.0" encoding="UTF-8"?>
<testng-results skipped="0" failed="0" ignored="0" total="1" passed="1">
  <reporter-output>
  </reporter-output>
  <suite name="Default suite" duration-ms="2957" started-at="2019-11-11T01:09:45 EST" finished-at="2019-11-11T01:09:48 EST">
    <groups>
    </groups>
    <test name="Default test" duration-ms="2957" started-at="2019-11-11T01:09:45 EST" finished-at="2019-11-11T01:09:48 EST">
      <class name="com.amazon.test.BasicExtentReport">
        <test-method status="PASS" signature="verifySeleniumBlog()[pri:0, instance:com.amazon.test.BasicExtentReport@4bbfb90a]" name="verifySeleniumBlog" is-config="true" duration-ms="2632" started-at="2019-11-11T01:09:45 EST" finished-at="2019-11-11T01:09:47 EST">
          <reporter-output>
          </reporter-output>
        </test-method> <!-- verifySeleniumBlog -->
        <test-method status="PASS" signature="testCase1()[pri:0, instance:com.amazon.test.BasicExtentReport@4bbfb90a]" name="testCase1" duration-ms="9" started-at="2019-11-11T01:09:47 EST" finished-at="2019-11-11T01:09:47 EST">
          <reporter-output>
          </reporter-output>
        </test-method> <!-- testCase1 -->
        <test-method status="PASS" signature="getResult(org.testng.ITestResult)[pri:0, instance:com.amazon.test.BasicExtentReport@4bbfb90a]" name="getResult" is-config="true" duration-ms="5" started-at="2019-11-11T01:09:47 EST" finished-at="2019-11-11T01:09:47 EST">
          <params>
            <param index="0">
              <value>
                <![CDATA[[TestResult name=testCase1 status=SUCCESS method=BasicExtentReport.testCase1()[pri:0, instance:com.amazon.test.BasicExtentReport@4bbfb90a] output={null}]]]>
              </value>
            </param>
          </params>
          <reporter-output>
          </reporter-output>
        </test-method> <!-- getResult -->
        <test-method status="PASS" signature="tearDown()[pri:0, instance:com.amazon.test.BasicExtentReport@4bbfb90a]" name="tearDown" is-config="true" duration-ms="289" started-at="2019-11-11T01:09:47 EST" finished-at="2019-11-11T01:09:48 EST">
          <reporter-output>
          </reporter-output>
        </test-method> <!-- tearDown -->
      </class> <!-- com.amazon.test.BasicExtentReport -->
    </test> <!-- Default test -->
  </suite> <!-- Default suite -->
</testng-results>
